<?xml version="1.0" encoding="UTF-8"?>
<!-- Generated by org.testng.reporters.JUnitReportReporter -->
<testsuite hostname="LTIN519053" failures="0" tests="6" name="testCases.TestCase001_WorldClockValidation" time="106.799" errors="0" timestamp="2024-04-08T17:43:46 IST" skipped="0">
  <testcase classname="testCases.TestCase001_WorldClockValidation" name="userVerification" time="24.482"/>
  <testcase classname="testCases.TestCase001_WorldClockValidation" name="beCognizantValidation" time="29.119"/>
  <testcase classname="testCases.TestCase001_WorldClockValidation" name="timeValidation" time="0.134"/>
  <testcase classname="testCases.TestCase001_WorldClockValidation" name="timeDifferenceValidation" time="0.069"/>
  <testcase classname="testCases.TestCase001_WorldClockValidation" name="windowHandling" time="19.256"/>
  <testcase classname="testCases.TestCase001_WorldClockValidation" name="oneCognizantValidation" time="33.739"/>
</testsuite> <!-- testCases.TestCase001_WorldClockValidation -->
